<?xml version="1.0" encoding="UTF-8"?>
<testsuite name="co.sqasa.runners.testRunner" tests="0" skipped="0" failures="0" errors="0" timestamp="1970-01-01T00:00:00" hostname="FABIANALVAREZ" time="0.0">
  <properties/>
  <system-out><![CDATA[
3 Scenarios (?[32m3 passed?[0m)
16 Steps (?[32m16 passed?[0m)
0m12,825s

]]></system-out>
  <system-err><![CDATA[[Test worker] INFO net.thucydides.core.steps.ConsoleLoggingListener - Test Suite Started: JQuery Datepicker - Escenario 1
[Test worker] INFO net.thucydides.core.steps.ConsoleLoggingListener - Test Suite Started: JQuery Datepicker - Escenario 2
[Test worker] INFO net.thucydides.core.steps.ConsoleLoggingListener - Test Suite Started: JQuery Datepicker - Escenario 3
[Test worker] WARN cucumber.runtime.formatter.SerenityReporter - Could not parse the Gherkin in feature file features/tes.feature: file ignored
[Test worker] INFO net.thucydides.core.steps.ConsoleLoggingListener - Test Suite Started: Verificación básica del sistema
[Test worker] INFO net.thucydides.core.steps.ConsoleLoggingListener - 
 _____ _____ ____ _____   ____ _____  _    ____ _____ _____ ____  
|_   _| ____/ ___|_   _| / ___|_   _|/ \  |  _ \_   _| ____|  _ \ 
  | | |  _| \___ \ | |   \___ \ | | / _ \ | |_) || | |  _| | | | |
  | | | |___ ___) || |    ___) || |/ ___ \|  _ < | | | |___| |_| |
  |_| |_____|____/ |_|   |____/ |_/_/   \_\_| \_\|_| |_____|____/ 
                                                                  

TEST STARTED: Reserva de una cita seleccionando una fecha en el calendario
-------------------------------------------------------------------(jquery-datepicker---escenario-1;reserva-de-una-cita-seleccionando-una-fecha-en-el-calendario)
[Test worker] INFO net.thucydides.core.steps.ConsoleLoggingListener - 
 _____ _____ ____ _____   ____ _____  _    ____ _____ _____ ____  
|_   _| ____/ ___|_   _| / ___|_   _|/ \  |  _ \_   _| ____|  _ \ 
  | | |  _| \___ \ | |   \___ \ | | / _ \ | |_) || | |  _| | | | |
  | | | |___ ___) || |    ___) || |/ ___ \|  _ < | | | |___| |_| |
  |_| |_____|____/ |_|   |____/ |_/_/   \_\_| \_\|_| |_____|____/ 
                                                                  

TEST STARTED: Selección de una fecha específica en un mes diferente
-------------------------------------------------------------------(jquery-datepicker---escenario-2;selección-de-una-fecha-específica-en-un-mes-diferente)
[Test worker] INFO net.thucydides.core.steps.ConsoleLoggingListener - 
 _____ _____ ____ _____   ____ _____  _    ____ _____ _____ ____  
|_   _| ____/ ___|_   _| / ___|_   _|/ \  |  _ \_   _| ____|  _ \ 
  | | |  _| \___ \ | |   \___ \ | | / _ \ | |_) || | |  _| | | | |
  | | | |___ ___) || |    ___) || |/ ___ \|  _ < | | | |___| |_| |
  |_| |_____|____/ |_|   |____/ |_/_/   \_\_| \_\|_| |_____|____/ 
                                                                  

TEST STARTED: Validación de campo bloqueado
-------------------------------------------------------------------(jquery-datepicker---escenario-3;validación-de-campo-bloqueado)
]]></system-err>
</testsuite>
