<?xml version="1.0" encoding="UTF-8"?>
<testsuite name="JQuery Datepicker - Escenario 3" tests="1" skipped="0" failures="0" errors="0" timestamp="2025-10-03T18:05:19" hostname="FABIANALVAREZ" time="4.908">
  <properties/>
  <testcase name="Validación de campo bloqueado" classname="JQuery Datepicker - Escenario 3" time="4.908"/>
  <system-out><![CDATA[]]></system-out>
  <system-err><![CDATA[oct. 03, 2025 1:05:19 P. M. org.openqa.selenium.remote.DesiredCapabilities chrome
INFORMACIÓN: Using `new ChromeOptions()` is preferred to `DesiredCapabilities.chrome()`
[Test worker] INFO net.serenitybdd.core.webdriver.driverproviders.ProvideNewDriver - Instantiating driver
[Test worker] INFO net.serenitybdd.core.webdriver.driverproviders.ProvideNewDriver - Driver capabilities: Capabilities {acceptInsecureCerts: false, browserName: chrome, chrome.switches: --start-maximized --disable..., goog:chromeOptions: {args: [--start-maximized, --disable-popup-blocking], extensions: []}, loggingPrefs: org.openqa.selenium.logging..., platform: ANY, version: }
Starting ChromeDriver 140.0.7339.208 (c759967f1b8ca5857065acaa4f7b5cdb3a12df7b-refs/branch-heads/7339@{#2365}) on port 49050
Only local connections are allowed.
Please see https://chromedriver.chromium.org/security-considerations for suggestions on keeping ChromeDriver safe.
ChromeDriver was started successfully on port 49050.
oct. 03, 2025 1:05:20 P. M. org.openqa.selenium.remote.ProtocolHandshake createSession
INFORMACIÓN: Detected dialect: W3C
[Test worker] INFO net.thucydides.core.steps.ConsoleLoggingListener - 
        __    _____ _____ ____ _____   ____   _    ____  ____  _____ ____  
  _     \ \  |_   _| ____/ ___|_   _| |  _ \ / \  / ___|/ ___|| ____|  _ \ 
 (_)_____| |   | | |  _| \___ \ | |   | |_) / _ \ \___ \\___ \|  _| | | | |
  _|_____| |   | | | |___ ___) || |   |  __/ ___ \ ___) |___) | |___| |_| |
 (_)     | |   |_| |_____|____/ |_|   |_| /_/   \_\____/|____/|_____|____/ 
        /_/                                                                

TEST PASSED: Validación de campo bloqueado
----------------------------------------------------------------------------
]]></system-err>
</testsuite>
